<?xml version="1.0" encoding="UTF-8"?>
<testsuite name="asv.PointTests" tests="1" skipped="0" failures="0" errors="0" timestamp="2022-04-10T18:24:46" hostname="2024-ASVIDERSKY" time="0.003">
  <properties/>
  <testcase name="testPoint" classname="asv.PointTests" time="0.003"/>
  <system-out><![CDATA[]]></system-out>
  <system-err><![CDATA[]]></system-err>
</testsuite>
